<?xml version="1.0" encoding="UTF-8"?>
<!-- Generated by org.testng.reporters.JUnitXMLReporter -->
<testsuite ignored="0" hostname="DESKTOP-HOF3APB" failures="0" tests="3" name="Command line test" time="32.628" errors="0" timestamp="2024-10-27T11:33:30 CDT">
  <testcase classname="variousConcepts.CrmTest" name="testLogin" time="8.528"/>
  <testcase classname="variousConcepts.CrmTest" name="alertMessageTest" time="0.329"/>
  <testcase classname="variousConcepts.CrmTest" name="addCustomerTest" time="15.482"/>
</testsuite> <!-- Command line test -->
