<?xml version="1.0" encoding="UTF-8"?>
<!-- Generated by org.testng.reporters.JUnitXMLReporter -->
<testsuite ignored="0" hostname="DESKTOP-HOF3APB" failures="0" tests="3" name="Default test" time="30.473" errors="0" timestamp="2024-10-27T10:46:14 CDT">
  <testcase classname="variousConcepts.CrmTest" name="testLogin" time="8.925"/>
  <testcase classname="variousConcepts.CrmTest" name="alertMessageTest" time="0.333"/>
  <testcase classname="variousConcepts.CrmTest" name="addCustomerTest" time="12.101"/>
</testsuite> <!-- Default test -->
