<?xml version="1.0" encoding="UTF-8"?>
<testng-results ignored="0" total="3" passed="3" failed="0" skipped="0">
  <reporter-output>
  </reporter-output>
  <suite started-at="2024-10-27T11:32:58 CDT" name="variousConcepts.CrmTest" finished-at="2024-10-27T11:33:30 CDT" duration-ms="32628">
    <groups>
    </groups>
    <test started-at="2024-10-27T11:32:58 CDT" name="Command line test" finished-at="2024-10-27T11:33:30 CDT" duration-ms="32628">
      <class name="variousConcepts.CrmTest">
        <test-method is-config="true" signature="readConfig()[pri:0, instance:variousConcepts.CrmTest@ae13544]" started-at="2024-10-27T11:32:58 CDT" name="readConfig" finished-at="2024-10-27T11:32:58 CDT" duration-ms="21" status="PASS">
          <reporter-output>
          </reporter-output>
        </test-method> <!-- readConfig -->
        <test-method is-config="true" signature="init()[pri:0, instance:variousConcepts.CrmTest@ae13544]" started-at="2024-10-27T11:32:58 CDT" name="init" finished-at="2024-10-27T11:33:01 CDT" duration-ms="2970" status="PASS">
          <reporter-output>
          </reporter-output>
        </test-method> <!-- init -->
        <test-method signature="testLogin()[pri:1, instance:variousConcepts.CrmTest@ae13544]" started-at="2024-10-27T11:33:01 CDT" name="testLogin" finished-at="2024-10-27T11:33:09 CDT" duration-ms="8528" status="PASS">
          <reporter-output>
          </reporter-output>
        </test-method> <!-- testLogin -->
        <test-method is-config="true" signature="init()[pri:0, instance:variousConcepts.CrmTest@ae13544]" started-at="2024-10-27T11:33:09 CDT" name="init" finished-at="2024-10-27T11:33:12 CDT" duration-ms="2531" status="PASS">
          <reporter-output>
          </reporter-output>
        </test-method> <!-- init -->
        <test-method signature="alertMessageTest()[pri:2, instance:variousConcepts.CrmTest@ae13544]" started-at="2024-10-27T11:33:12 CDT" name="alertMessageTest" finished-at="2024-10-27T11:33:12 CDT" duration-ms="329" status="PASS">
          <reporter-output>
          </reporter-output>
        </test-method> <!-- alertMessageTest -->
        <test-method is-config="true" signature="init()[pri:0, instance:variousConcepts.CrmTest@ae13544]" started-at="2024-10-27T11:33:12 CDT" name="init" finished-at="2024-10-27T11:33:15 CDT" duration-ms="2724" status="PASS">
          <reporter-output>
          </reporter-output>
        </test-method> <!-- init -->
        <test-method signature="addCustomerTest()[pri:3, instance:variousConcepts.CrmTest@ae13544]" started-at="2024-10-27T11:33:15 CDT" name="addCustomerTest" finished-at="2024-10-27T11:33:30 CDT" duration-ms="15482" status="PASS">
          <reporter-output>
          </reporter-output>
        </test-method> <!-- addCustomerTest -->
      </class> <!-- variousConcepts.CrmTest -->
    </test> <!-- Command line test -->
  </suite> <!-- variousConcepts.CrmTest -->
</testng-results>
