<?xml version="1.0" encoding="UTF-8"?>
<testng-results ignored="0" total="3" passed="3" failed="0" skipped="0">
  <reporter-output>
  </reporter-output>
  <suite started-at="2024-10-27T10:45:43 CDT" name="Default suite" finished-at="2024-10-27T10:46:14 CDT" duration-ms="30473">
    <groups>
    </groups>
    <test started-at="2024-10-27T10:45:43 CDT" name="Default test" finished-at="2024-10-27T10:46:14 CDT" duration-ms="30473">
      <class name="variousConcepts.CrmTest">
        <test-method is-config="true" signature="readConfig()[pri:0, instance:variousConcepts.CrmTest@750e2b97]" started-at="2024-10-27T10:45:43 CDT" name="readConfig" finished-at="2024-10-27T10:45:43 CDT" duration-ms="29" status="PASS">
          <reporter-output>
          </reporter-output>
        </test-method> <!-- readConfig -->
        <test-method is-config="true" signature="init()[pri:0, instance:variousConcepts.CrmTest@750e2b97]" started-at="2024-10-27T10:45:43 CDT" name="init" finished-at="2024-10-27T10:45:47 CDT" duration-ms="3282" status="PASS">
          <reporter-output>
          </reporter-output>
        </test-method> <!-- init -->
        <test-method signature="testLogin()[pri:1, instance:variousConcepts.CrmTest@750e2b97]" started-at="2024-10-27T10:45:47 CDT" name="testLogin" finished-at="2024-10-27T10:45:55 CDT" duration-ms="8925" status="PASS">
          <reporter-output>
          </reporter-output>
        </test-method> <!-- testLogin -->
        <test-method is-config="true" signature="init()[pri:0, instance:variousConcepts.CrmTest@750e2b97]" started-at="2024-10-27T10:45:55 CDT" name="init" finished-at="2024-10-27T10:45:58 CDT" duration-ms="2361" status="PASS">
          <reporter-output>
          </reporter-output>
        </test-method> <!-- init -->
        <test-method signature="alertMessageTest()[pri:2, instance:variousConcepts.CrmTest@750e2b97]" started-at="2024-10-27T10:45:58 CDT" name="alertMessageTest" finished-at="2024-10-27T10:45:58 CDT" duration-ms="333" status="PASS">
          <reporter-output>
          </reporter-output>
        </test-method> <!-- alertMessageTest -->
        <test-method is-config="true" signature="init()[pri:0, instance:variousConcepts.CrmTest@750e2b97]" started-at="2024-10-27T10:45:58 CDT" name="init" finished-at="2024-10-27T10:46:02 CDT" duration-ms="3378" status="PASS">
          <reporter-output>
          </reporter-output>
        </test-method> <!-- init -->
        <test-method signature="addCustomerTest()[pri:3, instance:variousConcepts.CrmTest@750e2b97]" started-at="2024-10-27T10:46:02 CDT" name="addCustomerTest" finished-at="2024-10-27T10:46:14 CDT" duration-ms="12101" status="PASS">
          <reporter-output>
          </reporter-output>
        </test-method> <!-- addCustomerTest -->
      </class> <!-- variousConcepts.CrmTest -->
    </test> <!-- Default test -->
  </suite> <!-- Default suite -->
</testng-results>
